2024-04-15 22:31:20,308 - INFO - User is login
2024-04-15 22:31:31,489 - INFO - User upload image
2024-04-15 22:32:38,532 - INFO - User upload image
2024-04-15 22:33:04,097 - INFO - Show info user
2024-04-17 10:22:03,519 - INFO - User upload image
2024-04-17 10:24:45,722 - INFO - User upload image
2024-04-17 15:29:19,177 - INFO - Create role
2024-04-17 15:31:38,958 - INFO - All role
2024-04-17 15:37:06,989 - INFO - Create role
2024-04-17 15:37:11,630 - INFO - All role
2024-04-17 15:37:14,049 - INFO - Create role
2024-04-17 15:37:16,039 - INFO - All role
2024-04-17 15:38:40,435 - INFO - User registered
2024-04-17 15:47:35,597 - INFO - Create role
2024-04-17 15:47:40,348 - INFO - All role
2024-04-17 15:47:53,590 - INFO - Register admin
2024-04-17 15:47:59,235 - INFO - User registered
2024-04-17 15:48:03,268 - INFO - User registered
2024-04-17 15:51:22,468 - INFO - User is login
2024-04-17 15:51:50,683 - INFO - Show info user
2024-04-17 16:14:19,649 - INFO - Register admin
2024-04-17 16:14:24,256 - INFO - Register admin
2024-04-17 16:14:29,742 - INFO - Register admin
2024-04-17 16:16:17,600 - INFO - Register admin
2024-04-17 16:16:23,922 - INFO - Register admin
2024-04-17 16:17:29,828 - INFO - User is login
2024-04-17 16:17:37,506 - INFO - Show info user
2024-04-17 16:17:50,298 - INFO - User is login
2024-04-17 16:18:00,284 - INFO - Show info user
2024-04-17 16:31:50,689 - INFO - Show info user
2024-04-18 15:40:12,350 - INFO - User is login
2024-04-18 15:40:18,791 - INFO - User registered
2024-04-18 15:40:27,917 - INFO - Register admin
2024-04-18 15:40:32,831 - INFO - User is login
2024-04-18 15:40:40,559 - INFO - User is login
2024-04-18 15:41:02,332 - INFO - Show info user
2024-04-18 15:42:17,923 - INFO - Show info user
2024-04-18 15:42:44,176 - INFO - Show info user
2024-04-18 15:45:44,674 - INFO - Show all user
2024-04-18 15:45:58,377 - INFO - User update data
2024-04-18 15:46:06,355 - INFO - User update data
2024-04-18 15:46:12,254 - INFO - Show info user
2024-04-18 15:46:41,574 - INFO - User is login
2024-04-18 15:46:48,001 - INFO - User deleted
2024-04-18 15:46:59,275 - INFO - User deleted
2024-04-18 15:47:04,093 - INFO - User deleted
2024-04-18 15:48:35,032 - INFO - User registered
2024-04-18 15:48:40,011 - INFO - Show info user
2024-04-18 15:48:46,101 - INFO - User is login
2024-04-18 16:11:34,606 - INFO - User registered
2024-04-18 16:11:51,481 - INFO - User registered
2024-04-18 16:12:10,790 - INFO - User registered
2024-04-18 16:16:25,596 - INFO - User is login
2024-04-18 16:16:34,024 - INFO - Show info user
2024-04-18 16:16:42,815 - INFO - User deleted
2024-04-18 16:18:18,777 - INFO - User deleted
2024-04-18 16:21:40,200 - INFO - User registered
2024-04-18 16:21:44,580 - INFO - User is login
2024-04-18 16:21:53,396 - INFO - User deleted
2024-04-18 16:22:45,879 - INFO - User registered
2024-04-18 16:23:18,999 - INFO - User is login
2024-04-18 16:47:56,456 - INFO - User is login
2024-04-18 16:48:02,368 - INFO - User is login
2024-04-18 16:48:12,152 - INFO - Show info user
2024-04-18 16:48:49,516 - INFO - Show info user
2024-04-18 16:50:23,534 - INFO - Show all user
2024-04-18 16:50:33,182 - INFO - Register admin
2024-04-18 16:50:36,229 - INFO - Register admin
2024-04-18 17:53:57,165 - INFO - User is login
2024-04-18 17:54:01,019 - INFO - User is login
2024-04-18 18:36:54,866 - INFO - User is login
2024-04-18 18:38:01,319 - INFO - User is login
2024-04-18 21:18:46,845 - INFO - User is login
2024-04-18 21:21:06,344 - INFO - User is login
2024-04-18 21:36:11,949 - INFO - User is login
2024-04-18 21:37:50,028 - INFO - User is login
2024-04-19 09:36:44,223 - INFO - Show all user
2024-04-19 09:36:44,561 - INFO - Show all user
2024-04-19 09:36:55,014 - INFO - User is login
2024-04-19 09:54:53,008 - INFO - User is login
2024-04-19 09:54:56,498 - INFO - User is login
