2024-04-17 15:53:56,671 - INFO - User connected
2024-04-17 15:53:56,688 - INFO - User disconnected
2024-04-17 15:53:56,689 - ERROR - Error in create_connect: (1000, None)
2024-04-17 16:18:20,176 - INFO - User connected
2024-04-17 16:18:20,191 - ERROR - Error processing message: 'role_id'
2024-04-17 16:19:25,892 - INFO - User disconnected
2024-04-17 16:19:25,892 - ERROR - Error in create_connect: (1012, None)
2024-04-17 16:19:32,567 - INFO - User connected
2024-04-17 16:19:32,638 - INFO - User disconnected
2024-04-17 16:19:32,638 - ERROR - Error in create_connect: (1000, None)
2024-04-18 15:43:26,525 - INFO - User connected
2024-04-18 15:43:33,284 - INFO - User connected
2024-04-18 15:43:33,296 - ERROR - Error processing message: 'NoneType' object is not subscriptable
2024-04-18 15:44:34,476 - INFO - User disconnected
2024-04-18 15:44:34,476 - ERROR - Error in create_connect: (<CloseCode.ABNORMAL_CLOSURE: 1006>, None)
2024-04-18 15:44:45,461 - INFO - User connected
2024-04-18 15:44:45,472 - INFO - User disconnected
2024-04-18 15:44:45,473 - ERROR - Error in create_connect: (1000, None)
2024-04-18 15:45:21,589 - INFO - User disconnected
2024-04-18 15:45:21,590 - ERROR - Error in create_connect: (<CloseCode.ABNORMAL_CLOSURE: 1006>, None)
2024-04-18 15:50:28,873 - INFO - User connected
2024-04-18 15:50:31,612 - INFO - User connected
2024-04-18 15:50:31,632 - INFO - User disconnected
2024-04-18 15:50:31,632 - ERROR - Error in create_connect: (1000, None)
2024-04-18 15:52:57,296 - INFO - User connected
2024-04-18 15:52:57,315 - INFO - User disconnected
2024-04-18 15:52:57,315 - ERROR - Error in create_connect: (1000, None)
2024-04-18 15:53:14,567 - INFO - User disconnected
2024-04-18 15:53:14,567 - ERROR - Error in create_connect: (<CloseCode.ABNORMAL_CLOSURE: 1006>, None)
2024-04-18 16:22:09,304 - INFO - User connected
2024-04-18 16:22:09,318 - INFO - User disconnected
2024-04-18 16:22:09,319 - ERROR - Error in create_connect: (1000, None)
2024-04-18 16:23:29,571 - INFO - User connected
2024-04-18 16:23:29,587 - INFO - User disconnected
2024-04-18 16:23:29,587 - ERROR - Error in create_connect: (1000, None)
2024-04-18 16:25:14,071 - INFO - User connected
2024-04-18 16:25:17,367 - INFO - User connected
2024-04-18 16:25:17,377 - INFO - User disconnected
2024-04-18 16:25:17,377 - ERROR - Error in create_connect: (1000, None)
2024-04-18 16:25:28,382 - INFO - User connected
2024-04-18 16:25:28,391 - INFO - User disconnected
2024-04-18 16:25:28,391 - ERROR - Error in create_connect: (1000, None)
2024-04-18 16:26:21,896 - INFO - User disconnected
2024-04-18 16:26:21,896 - ERROR - Error in create_connect: (<CloseCode.ABNORMAL_CLOSURE: 1006>, None)
2024-04-18 16:58:59,370 - INFO - User connected
2024-04-18 16:58:59,443 - INFO - User disconnected
2024-04-18 16:58:59,443 - ERROR - Error in create_connect: (1000, None)
2024-04-18 16:59:29,398 - INFO - User connected
2024-04-18 16:59:29,408 - INFO - User disconnected
2024-04-18 16:59:29,408 - ERROR - Error in create_connect: (1000, None)
2024-04-18 17:00:36,627 - INFO - User connected
2024-04-18 17:00:36,631 - INFO - User disconnected
2024-04-18 17:00:36,632 - ERROR - Error in create_connect: (1000, None)
2024-04-18 17:01:48,387 - INFO - User connected
2024-04-18 17:01:48,391 - INFO - User disconnected
2024-04-18 17:01:48,391 - ERROR - Error in create_connect: (1000, None)
2024-04-18 18:05:48,866 - INFO - User connected
2024-04-18 18:05:48,932 - ERROR - Error processing message: Cannot call "send" once a close message has been sent.
2024-04-18 18:05:48,932 - ERROR - Error in create_connect: WebSocket is not connected. Need to call "accept" first.
2024-04-18 18:07:13,127 - ERROR - Error in create_connect: WebSocket is not connected. Need to call "accept" first.
2024-04-18 18:08:26,342 - INFO - User connected
2024-04-18 18:08:26,403 - ERROR - Error processing message: Cannot call "send" once a close message has been sent.
2024-04-18 18:08:26,403 - ERROR - Error in create_connect: WebSocket is not connected. Need to call "accept" first.
2024-04-18 18:11:17,742 - INFO - User connected
2024-04-18 18:11:17,802 - ERROR - Error processing message: 'NoneType' object is not subscriptable
2024-04-18 18:11:36,416 - INFO - User disconnected
2024-04-18 18:11:36,416 - ERROR - Error in create_connect: (1012, None)
2024-04-18 18:15:22,879 - INFO - User connected
2024-04-18 18:15:22,940 - ERROR - Error processing message: Cannot call "send" once a close message has been sent.
2024-04-18 18:15:22,940 - ERROR - Error in create_connect: WebSocket is not connected. Need to call "accept" first.
2024-04-18 18:18:36,233 - INFO - User connected
2024-04-18 18:18:36,295 - ERROR - Error processing message: Cannot call "send" once a close message has been sent.
2024-04-18 18:18:36,295 - ERROR - Error in create_connect: WebSocket is not connected. Need to call "accept" first.
2024-04-18 18:21:17,745 - INFO - User connected
2024-04-18 18:21:17,747 - ERROR - Error in create_connect: name 'MessageInput' is not defined
2024-04-18 18:22:23,098 - INFO - User connected
2024-04-18 18:22:23,158 - INFO - User disconnected
2024-04-18 18:23:58,193 - INFO - User connected
2024-04-18 18:23:58,256 - INFO - User disconnected
2024-04-18 18:24:19,974 - INFO - User connected
2024-04-18 18:24:20,035 - INFO - User disconnected
2024-04-18 18:27:15,641 - INFO - User connected
2024-04-18 18:27:15,650 - INFO - User disconnected
2024-04-18 18:27:24,733 - INFO - User connected
2024-04-18 18:27:25,530 - INFO - User connected
2024-04-18 18:27:25,539 - INFO - User disconnected
2024-04-18 18:34:10,589 - INFO - User disconnected
2024-04-18 18:36:28,112 - INFO - User connected
2024-04-18 18:36:28,180 - INFO - User disconnected
2024-04-18 18:37:10,707 - INFO - User connected
2024-04-18 18:37:14,418 - INFO - User connected
2024-04-18 18:37:14,423 - INFO - User disconnected
2024-04-18 18:37:37,623 - INFO - User disconnected
2024-04-18 18:37:48,561 - INFO - User connected
2024-04-18 18:37:49,470 - INFO - User connected
2024-04-18 18:37:49,536 - INFO - User disconnected
2024-04-18 18:37:49,536 - INFO - User disconnected
2024-04-18 18:38:12,791 - INFO - User connected
2024-04-18 18:38:22,039 - INFO - User disconnected
2024-04-18 18:38:29,350 - INFO - User connected
2024-04-18 18:38:29,368 - INFO - User disconnected
2024-04-18 18:39:27,238 - INFO - User connected
2024-04-18 18:39:27,256 - INFO - User disconnected
2024-04-18 18:39:27,874 - INFO - User connected
2024-04-18 18:39:27,889 - INFO - User disconnected
2024-04-18 18:40:47,286 - INFO - User connected
2024-04-18 18:40:47,295 - INFO - User disconnected
2024-04-18 18:40:49,334 - INFO - User connected
2024-04-18 18:40:49,350 - INFO - User disconnected
2024-04-18 18:41:51,197 - INFO - User connected
2024-04-18 18:41:51,207 - INFO - User disconnected
2024-04-18 18:41:52,857 - INFO - User connected
2024-04-18 18:41:52,866 - INFO - User disconnected
2024-04-18 20:09:28,901 - INFO - User connected
2024-04-18 20:10:17,153 - INFO - User disconnected
2024-04-18 21:05:11,702 - INFO - User connected
2024-04-18 21:08:02,657 - INFO - User disconnected
2024-04-18 21:18:23,301 - INFO - User connected
2024-04-18 21:19:09,070 - ERROR - Error in update_message: Could not locate column in row for column 'id_message'
2024-04-18 21:20:45,275 - INFO - User disconnected
2024-04-18 21:21:19,478 - ERROR - Error in update_message: Could not locate column in row for column 'message_id'
2024-04-18 21:23:31,540 - ERROR - Error in update_message: Could not locate column in row for column 'message_id'
2024-04-18 21:24:16,876 - ERROR - Error in update_message: Could not locate column in row for column 'message_id'
2024-04-18 21:24:46,867 - ERROR - Error in update_message: Could not locate column in row for column 'message_id'
2024-04-18 21:25:26,873 - ERROR - Error in update_message: Could not locate column in row for column 'message_id'
2024-04-18 21:26:12,997 - INFO - User connected
2024-04-18 21:34:26,440 - INFO - User disconnected
2024-04-19 09:37:36,255 - INFO - User connected
2024-04-19 09:38:54,889 - INFO - User disconnected
2024-04-19 09:39:00,098 - INFO - User connected
2024-04-19 09:39:07,692 - ERROR - Error in delete_message: data is a dict-like object
2024-04-19 09:39:50,847 - INFO - User disconnected
2024-04-19 09:40:28,400 - INFO - User connected
2024-04-19 09:42:24,473 - INFO - User disconnected
2024-04-19 09:42:29,709 - INFO - User connected
2024-04-19 09:42:56,799 - INFO - User disconnected
2024-04-19 09:55:18,843 - INFO - User connected
2024-04-19 09:55:18,877 - INFO - User disconnected
2024-04-19 09:55:50,001 - INFO - User connected
2024-04-19 09:56:13,634 - INFO - User connected
2024-04-19 09:56:13,644 - INFO - User disconnected
2024-04-19 10:04:44,528 - INFO - User disconnected
2024-04-19 10:30:06,137 - INFO - User connected
2024-04-19 10:30:13,129 - INFO - User disconnected
2024-04-19 10:30:56,671 - INFO - User connected
2024-04-19 10:31:25,179 - INFO - User disconnected
2024-04-19 10:32:08,674 - INFO - User connected
2024-04-19 10:34:07,610 - INFO - User disconnected
2024-04-19 10:35:26,451 - INFO - User connected
2024-04-19 10:35:26,513 - INFO - User disconnected
2024-04-19 10:35:54,427 - INFO - User connected
2024-04-19 10:37:25,035 - INFO - User disconnected
